C51 COMPILER V9.54   MAIN                                                                  04/02/2026 16:37:52 PAGE 1   


C51 COMPILER V9.54, COMPILATION OF MODULE MAIN
OBJECT MODULE PLACED IN .\Objects\main.obj
COMPILER INVOKED BY: D:\Keil5\C51\BIN\C51.EXE main.c OPTIMIZE(8,SPEED) BROWSE DEBUG OBJECTEXTEND PRINT(.\Listings\main.l
                    -st) OBJECT(.\Objects\main.obj)

line level    source

   1          #include <REGX52.H>
   2          #include "Delay.h"
   3          #include "MatrixLED.h"
   4          #include "Timer0.h"
   5          
   6          unsigned char i,Offset=0;
   7          
   8          //表情包每一帧
   9          unsigned char code Animation[]={
  10                          0x00,0x0E,0x1B,0x7F,0x7F,0x1B,0x0E,0x00,
  11                          0x00,0x04,0x0C,0x18,0x7F,0x7F,0x1B,0x0E,
  12                          0x00,0x08,0x0C,0x05,0x7F,0x7F,0x1E,0x0C,
  13                          0xC0,0x00,0x41,0x22,0x1A,0x7C,0x7D,0x1A,
  14                          0x00,0x60,0x61,0x12,0x0A,0x7E,0x7F,0x08,
  15                          0x00,0x06,0x0E,0x08,0x0B,0x3E,0x3E,0x0B,
  16                          0x00,0x03,0x0B,0x08,0x0B,0x3E,0x3E,0x0B,
  17                          0x00,0x06,0x0E,0x08,0x09,0x3F,0x3E,0x0B,
  18                          0x00,0x0E,0x13,0x7E,0x7E,0x1F,0x0E,0x00,
  19                          0x08,0x13,0x7E,0x7E,0x12,0x1D,0x0C,0x00,
  20                          0x09,0x12,0x7E,0x7F,0x10,0x13,0x03,0x00,
  21                          0x09,0x12,0x7E,0x7F,0x10,0x1C,0x0C,0x00,
  22                          0x00,0x0C,0x15,0x7E,0x7E,0x17,0x0E,0x00,
  23                          0x00,0x30,0x38,0x0D,0x7E,0x7F,0x1D,0x08,
  24                          0xC0,0xC0,0x30,0x1B,0x7C,0x7F,0x08,0x00,
  25                          0x00,0x00,0x37,0xF8,0xFA,0x34,0x00,0x00,
  26                          0x00,0x00,0x1B,0x7C,0x7C,0x1A,0x01,0x00,
  27                          0x00,0x00,0x09,0x1E,0x7C,0x7F,0x18,0x00,
  28                          0x00,0x00,0x1B,0x7C,0x7C,0x1B,0x00,0x00,
  29                          0x00,0x00,0x09,0x1E,0x7C,0x7F,0x18,0x00,
  30                          0x00,0x00,0x1B,0x7C,0x7C,0x1B,0x00,0x00,
  31                          0x08,0x10,0x16,0x7C,0x7F,0x10,0x08,0x00,
  32                          0x00,0x10,0x13,0x7C,0x7E,0x18,0x00,0x00,
  33                          0x00,0x08,0x13,0x7C,0x7F,0x10,0x10,0x00,
  34                          0x00,0x08,0x12,0xFC,0xFD,0x3A,0x00,0x00,
  35                          0x00,0x08,0x12,0xFC,0xFC,0x22,0x10,0x00,
  36                          0x00,0x00,0x61,0x12,0x7C,0x7F,0x10,0x60,
  37                          0x00,0x00,0x20,0x11,0x12,0x7C,0x7E,0x19,
  38                          0x00,0x00,0x00,0x31,0x0A,0x7C,0x7E,0x0D,
  39                          0x00,0x00,0x20,0x11,0x12,0x7C,0x7E,0x19,
  40                          0x00,0x00,0x00,0x31,0x0A,0x7C,0x7E,0x0D,
  41                          0x00,0x00,0x20,0x11,0x12,0x7C,0x7E,0x19,
  42                          0x00,0x00,0x00,0x31,0x0A,0x7C,0x7E,0x0D,
  43                          0x00,0x00,0x20,0x11,0x12,0x7C,0x7E,0x19,
  44                          0x00,0x00,0x00,0x31,0x0A,0x7C,0x7E,0x0D,
  45          };
  46          
  47          
  48          void main()
  49          {
  50   1              //LED点阵屏初始化
  51   1              MatrixLED_Init();
  52   1              
  53   1              //定时器初始化
  54   1              Timer0Init();
C51 COMPILER V9.54   MAIN                                                                  04/02/2026 16:37:52 PAGE 2   

  55   1              
  56   1              //显示
  57   1              while(1)
  58   1              {               
  59   2                      for(i=0;i<8;i++)
  60   2                      {
  61   3                      MatrixLED_ShowColumn(i,Animation[i+Offset]);            
  62   3                      }
  63   2                      if(Offset>((sizeof(Animation)/sizeof(Animation[0]))-i-1))
  64   2                      {
  65   3                              Offset=0;
  66   3                      }       
  67   2              }
  68   1      }
  69          
  70          void Timer0_Routine() interrupt 1
  71          {
  72   1              static unsigned int T0Count;
  73   1              TL0 = 0x66;             //设置定时初值
  74   1              TH0 = 0xFC;             //设置定时初值
  75   1              T0Count++;
  76   1              if(T0Count>=200)
  77   1              {
  78   2                      T0Count=0;
  79   2                      Offset+=8;                                                              //每次取数组八位为一帧画面
  80   2              }
  81   1              
  82   1              
  83   1      }
  84          


MODULE INFORMATION:   STATIC OVERLAYABLE
   CODE SIZE        =    114    ----
   CONSTANT SIZE    =    280    ----
   XDATA SIZE       =   ----    ----
   PDATA SIZE       =   ----    ----
   DATA SIZE        =      4    ----
   IDATA SIZE       =   ----    ----
   BIT SIZE         =   ----    ----
END OF MODULE INFORMATION.


C51 COMPILATION COMPLETE.  0 WARNING(S),  0 ERROR(S)
