C51 COMPILER V9.54   MATRIXLED                                                             04/01/2026 20:41:16 PAGE 1   


C51 COMPILER V9.54, COMPILATION OF MODULE MATRIXLED
OBJECT MODULE PLACED IN .\Objects\MatrixLED.obj
COMPILER INVOKED BY: D:\Keil5\C51\BIN\C51.EXE MatrixLED.c OPTIMIZE(8,SPEED) BROWSE DEBUG OBJECTEXTEND PRINT(.\Listings\M
                    -atrixLED.lst) OBJECT(.\Objects\MatrixLED.obj)

line level    source

   1          #include <REGX52.H>
   2          #include "Delay.h"
   3          
   4          sbit RCK=P3^5;
   5          sbit SCK=P3^6;
   6          sbit SER=P3^4;
   7          
   8          #define MATRTX_LED_PORT                 P0
   9          
  10          /**
  11             * @brief  点阵屏初始化
  12             * @param  无
  13             * @retval 无
  14             */           
  15          void MatrixLED_Init()
  16          {
  17   1              SCK=0;
  18   1              RCK=0;
  19   1      }
  20          
  21          /**
  22             * @brief  74HC95写入一个字节
  23             * @param  要写的字节
  24             * @retval 无
  25             */           
  26          void _74HC595_WriteByte(unsigned char Byte)
  27          {
  28   1              unsigned char i;
  29   1              for(i=0;i<8;i++)
  30   1              {
  31   2                      SER=Byte&(0x80>>i);
  32   2                      SCK=1;
  33   2                      SCK=0;
  34   2              }
  35   1              RCK=1;
  36   1              RCK=0;
  37   1      }
  38          /**
  39             * @brief  LCD点阵屏显示一列数据
  40             * @param  Column 选择列，范围0~7，0在最左
  41             * @param  Data 选择列的数据，高位在最上，1为亮，0为灭
  42             * @retval
  43             */           
  44          void MatrixLED_ShowColumn(unsigned char Column,Data)
  45          {
  46   1              _74HC595_WriteByte(Data);
  47   1              MATRTX_LED_PORT=~(0x80>>Column);
  48   1              Delay(1);
  49   1              MATRTX_LED_PORT=0xFF;
  50   1      }


MODULE INFORMATION:   STATIC OVERLAYABLE
   CODE SIZE        =     84    ----
C51 COMPILER V9.54   MATRIXLED                                                             04/01/2026 20:41:16 PAGE 2   

   CONSTANT SIZE    =   ----    ----
   XDATA SIZE       =   ----    ----
   PDATA SIZE       =   ----    ----
   DATA SIZE        =   ----    ----
   IDATA SIZE       =   ----    ----
   BIT SIZE         =   ----    ----
END OF MODULE INFORMATION.


C51 COMPILATION COMPLETE.  0 WARNING(S),  0 ERROR(S)
